app/build/outputs/logs/manifest-merger-release-report.txt
-- Merging decision tree log ---
manifest
ADDED from src\main\AndroidManifest.xml:3:1-126:12
INJECTED from src\main\AndroidManifest.xml:3:1-126:12
INJECTED from src\main\AndroidManifest.xml:3:1-126:12
INJECTED from src\main\AndroidManifest.xml:3:1-126:12
MERGED from [com.android.support:appcompat-v7:27.1.1] AndroidManifest.xml:17:1-22:12
MERGED from [com.android.support.constraint:constraint-layout:1.1.0] AndroidManifest.xml:2:1-11:12
MERGED from [com.github.jarryleo:MagicScreenAdapter:v1.3] AndroidManifest.xml:2:1-3:37
MERGED from [no.nordicsemi.android:dfu:1.8.1] AndroidManifest.xml:2:1-14:12
MERGED from [com.jakewharton:butterknife:8.8.1] AndroidManifest.xml:2:1-7:12
MERGED from [com.android.support:multidex:1.0.2] AndroidManifest.xml:17:1-22:12
MERGED from [com.android.support:support-fragment:27.1.1] AndroidManifest.xml:17:1-22:12
MERGED from [com.android.support:animated-vector-drawable:27.1.1] AndroidManifest.xml:17:1-22:12
MERGED from [com.android.support:support-core-ui:27.1.1] AndroidManifest.xml:17:1-22:12
MERGED from [com.android.support:support-core-utils:27.1.1] AndroidManifest.xml:17:1-22:12
MERGED from [com.android.support:support-vector-drawable:27.1.1] AndroidManifest.xml:17:1-22:12
MERGED from [com.android.support:support-compat:27.1.1] AndroidManifest.xml:17:1-22:12
MERGED from [android.arch.lifecycle:livedata-core:1.1.0] AndroidManifest.xml:17:1-22:12
MERGED from [android.arch.lifecycle:viewmodel:1.1.0] AndroidManifest.xml:17:1-22:12
MERGED from [android.arch.lifecycle:runtime:1.1.0] AndroidManifest.xml:17:1-22:12
MERGED from [android.arch.core:runtime:1.1.0] AndroidManifest.xml:17:1-22:12
INJECTED from src\main\AndroidManifest.xml:3:1-126:12
INJECTED from src\main\AndroidManifest.xml:3:1-126:12
INJECTED from src\main\AndroidManifest.xml:3:1-126:12
	package
		ADDED from src\main\AndroidManifest.xml:5:5-25
		INJECTED from src\main\AndroidManifest.xml
		INJECTED from src\main\AndroidManifest.xml
	android:versionName
		ADDED from src\main\AndroidManifest.xml:7:5-28
		INJECTED from src\main\AndroidManifest.xml
		INJECTED from src\main\AndroidManifest.xml
	xmlns:tools
		ADDED from src\main\AndroidManifest.xml:4:5-51
	xmlns:android
		ADDED from src\main\AndroidManifest.xml:3:11-69
	android:versionCode
		ADDED from src\main\AndroidManifest.xml:6:5-29
		INJECTED from src\main\AndroidManifest.xml
		INJECTED from src\main\AndroidManifest.xml
uses-permission#android.permission.CHANGE_NETWORK_STATE
ADDED from src\main\AndroidManifest.xml:10:5-78
	android:name
		ADDED from src\main\AndroidManifest.xml:10:22-76
uses-permission#android.permission.CHANGE_WIFI_STATE
ADDED from src\main\AndroidManifest.xml:12:5-75
	android:name
		ADDED from src\main\AndroidManifest.xml:12:22-73
uses-permission#android.permission.ACCESS_NETWORK_STATE
ADDED from src\main\AndroidManifest.xml:14:5-78
	android:name
		ADDED from src\main\AndroidManifest.xml:14:22-76
uses-permission#android.permission.ACCESS_WIFI_STATE
ADDED from src\main\AndroidManifest.xml:16:5-75
	android:name
		ADDED from src\main\AndroidManifest.xml:16:22-73
uses-permission#android.permission.INTERNET
ADDED from src\main\AndroidManifest.xml:17:5-66
	android:name
		ADDED from src\main\AndroidManifest.xml:17:22-64
uses-permission#android.permission.BLUETOOTH
ADDED from src\main\AndroidManifest.xml:18:5-68
MERGED from [no.nordicsemi.android:dfu:1.8.1] AndroidManifest.xml:11:5-68
MERGED from [no.nordicsemi.android:dfu:1.8.1] AndroidManifest.xml:11:5-68
	android:name
		ADDED from src\main\AndroidManifest.xml:18:22-65
uses-permission#android.permission.BLUETOOTH_ADMIN
ADDED from src\main\AndroidManifest.xml:19:5-74
MERGED from [no.nordicsemi.android:dfu:1.8.1] AndroidManifest.xml:12:5-74
MERGED from [no.nordicsemi.android:dfu:1.8.1] AndroidManifest.xml:12:5-74
	android:name
		ADDED from src\main\AndroidManifest.xml:19:22-71
uses-permission#android.permission.BLUETOOTH_PRIVILEGED
ADDED from src\main\AndroidManifest.xml:20:5-21:47
	tools:ignore
		ADDED from src\main\AndroidManifest.xml:21:9-44
	android:name
		ADDED from src\main\AndroidManifest.xml:20:22-76
uses-permission#android.permission.ACCESS_FINE_LOCATION
ADDED from src\main\AndroidManifest.xml:22:5-79
	android:name
		ADDED from src\main\AndroidManifest.xml:22:22-76
uses-permission#android.permission.ACCESS_COARSE_LOCATION
ADDED from src\main\AndroidManifest.xml:23:5-80
	android:name
		ADDED from src\main\AndroidManifest.xml:23:22-78
uses-permission#android.permission.CAMERA
ADDED from src\main\AndroidManifest.xml:24:5-65
	android:name
		ADDED from src\main\AndroidManifest.xml:24:22-62
uses-feature#android.hardware.camera
ADDED from src\main\AndroidManifest.xml:25:5-60
	android:name
		ADDED from src\main\AndroidManifest.xml:25:19-57
uses-feature#android.hardware.camera.autofocus
ADDED from src\main\AndroidManifest.xml:26:5-70
	android:name
		ADDED from src\main\AndroidManifest.xml:26:19-67
uses-permission#android.permission.READ_CONTACTS
ADDED from src\main\AndroidManifest.xml:27:5-72
	android:name
		ADDED from src\main\AndroidManifest.xml:27:22-69
uses-permission#android.permission.READ_LOGS
ADDED from src\main\AndroidManifest.xml:28:5-29:47
	tools:ignore
		ADDED from src\main\AndroidManifest.xml:29:9-44
	android:name
		ADDED from src\main\AndroidManifest.xml:28:22-65
uses-permission#android.permission.SYSTEM_ALERT_WINDOW
ADDED from src\main\AndroidManifest.xml:30:5-78
	android:name
		ADDED from src\main\AndroidManifest.xml:30:22-75
uses-permission#android.permission.VIBRATE
ADDED from src\main\AndroidManifest.xml:31:5-66
	android:name
		ADDED from src\main\AndroidManifest.xml:31:22-63
uses-permission#android.permission.READ_EXTERNAL_STORAGE
ADDED from src\main\AndroidManifest.xml:33:5-80
	android:name
		ADDED from src\main\AndroidManifest.xml:33:22-77
uses-permission#android.permission.WRITE_EXTERNAL_STORAGE
ADDED from src\main\AndroidManifest.xml:34:5-80
	android:name
		ADDED from src\main\AndroidManifest.xml:34:22-78
uses-permission#android.permission.WRITE_INTERNAL_STORAGE
ADDED from src\main\AndroidManifest.xml:36:5-80
	android:name
		ADDED from src\main\AndroidManifest.xml:36:22-78
uses-permission#android.permission.READ_INTERNAL_STORAGE
ADDED from src\main\AndroidManifest.xml:37:5-79
	android:name
		ADDED from src\main\AndroidManifest.xml:37:22-77
uses-permission#android.permission.MOUNT_UNMOUNT_FILESYSTEMS
ADDED from src\main\AndroidManifest.xml:39:5-40:47
	tools:ignore
		ADDED from src\main\AndroidManifest.xml:40:9-44
	android:name
		ADDED from src\main\AndroidManifest.xml:39:22-81
uses-permission#android.permission.READ_PHONE_STATE
ADDED from src\main\AndroidManifest.xml:41:5-74
	android:name
		ADDED from src\main\AndroidManifest.xml:41:22-72
application
ADDED from src\main\AndroidManifest.xml:42:5-124:19
MERGED from [com.android.support.constraint:constraint-layout:1.1.0] AndroidManifest.xml:9:5-20
MERGED from [com.android.support.constraint:constraint-layout:1.1.0] AndroidManifest.xml:9:5-20
	android:label
		ADDED from src\main\AndroidManifest.xml:44:9-41
	android:resizeableActivity
		ADDED from src\main\AndroidManifest.xml:46:9-42
	tools:ignore
		ADDED from src\main\AndroidManifest.xml:49:9-48
	android:icon
		ADDED from src\main\AndroidManifest.xml:48:9-43
	android:theme
		ADDED from src\main\AndroidManifest.xml:45:9-56
	android:usesCleartextTraffic
		ADDED from src\main\AndroidManifest.xml:47:9-44
	android:name
		ADDED from src\main\AndroidManifest.xml:43:9-56
activity#com.wallet.CreateOrImportActivity
ADDED from src\main\AndroidManifest.xml:50:9-57:20
	android:theme
		ADDED from src\main\AndroidManifest.xml:52:13-69
	android:name
		ADDED from src\main\AndroidManifest.xml:51:13-51
intent-filter#action:name:android.intent.action.MAIN+category:name:android.intent.category.LAUNCHER
ADDED from src\main\AndroidManifest.xml:53:13-56:29
action#android.intent.action.MAIN
ADDED from src\main\AndroidManifest.xml:54:17-69
	android:name
		ADDED from src\main\AndroidManifest.xml:54:25-66
category#android.intent.category.LAUNCHER
ADDED from src\main\AndroidManifest.xml:55:17-77
	android:name
		ADDED from src\main\AndroidManifest.xml:55:27-74
service#com.wallet.cold.utils.UartService
ADDED from src\main\AndroidManifest.xml:58:9-82
	android:enabled
		ADDED from src\main\AndroidManifest.xml:58:18-40
	android:name
		ADDED from src\main\AndroidManifest.xml:58:41-79
activity#com.wallet.cold.app.main.MainActivity
ADDED from src\main\AndroidManifest.xml:59:9-64
	android:name
		ADDED from src\main\AndroidManifest.xml:59:19-61
activity#com.wallet.cold.app.main.BleActivity
ADDED from src\main\AndroidManifest.xml:60:9-113
	android:theme
		ADDED from src\main\AndroidManifest.xml:60:61-111
	android:name
		ADDED from src\main\AndroidManifest.xml:60:19-60
activity#com.wallet.cold.app.main.NumbersActivity
ADDED from src\main\AndroidManifest.xml:61:9-117
	android:theme
		ADDED from src\main\AndroidManifest.xml:61:65-115
	android:name
		ADDED from src\main\AndroidManifest.xml:61:19-64
activity#com.wallet.cold.app.main.CreateActivity
ADDED from src\main\AndroidManifest.xml:62:9-116
	android:theme
		ADDED from src\main\AndroidManifest.xml:62:64-114
	android:name
		ADDED from src\main\AndroidManifest.xml:62:19-63
activity#com.wallet.cold.app.main.RecoverActivity
ADDED from src\main\AndroidManifest.xml:63:9-117
	android:theme
		ADDED from src\main\AndroidManifest.xml:63:65-115
	android:name
		ADDED from src\main\AndroidManifest.xml:63:19-64
activity#com.wallet.cold.app.main.IndexActivity
ADDED from src\main\AndroidManifest.xml:64:9-64
	android:name
		ADDED from src\main\AndroidManifest.xml:64:19-62
activity#com.wallet.cold.app.index.Fragment1
ADDED from src\main\AndroidManifest.xml:65:9-113
	android:theme
		ADDED from src\main\AndroidManifest.xml:65:61-111
	android:name
		ADDED from src\main\AndroidManifest.xml:65:19-59
activity#com.wallet.cold.app.index.Receivables
ADDED from src\main\AndroidManifest.xml:66:9-115
	android:theme
		ADDED from src\main\AndroidManifest.xml:66:63-113
	android:name
		ADDED from src\main\AndroidManifest.xml:66:19-61
activity#com.wallet.cold.app.index.Transfer
ADDED from src\main\AndroidManifest.xml:67:9-112
	android:theme
		ADDED from src\main\AndroidManifest.xml:67:60-110
	android:name
		ADDED from src\main\AndroidManifest.xml:67:19-58
activity#com.wallet.cold.app.pawn.login
ADDED from src\main\AndroidManifest.xml:68:9-107
	android:theme
		ADDED from src\main\AndroidManifest.xml:68:55-105
	android:name
		ADDED from src\main\AndroidManifest.xml:68:19-54
activity#com.wallet.cold.app.util.Fragment5
ADDED from src\main\AndroidManifest.xml:69:9-111
	android:theme
		ADDED from src\main\AndroidManifest.xml:69:59-109
	android:name
		ADDED from src\main\AndroidManifest.xml:69:19-58
activity#com.wallet.cold.app.index.HQActivity
ADDED from src\main\AndroidManifest.xml:70:9-113
	android:theme
		ADDED from src\main\AndroidManifest.xml:70:61-111
	android:name
		ADDED from src\main\AndroidManifest.xml:70:19-60
activity#com.wallet.cold.app.index.ZXNRActivity
ADDED from src\main\AndroidManifest.xml:71:9-115
	android:theme
		ADDED from src\main\AndroidManifest.xml:71:63-113
	android:name
		ADDED from src\main\AndroidManifest.xml:71:19-62
activity#com.wallet.cold.app.index.ZXActivity
ADDED from src\main\AndroidManifest.xml:72:9-113
	android:theme
		ADDED from src\main\AndroidManifest.xml:72:61-111
	android:name
		ADDED from src\main\AndroidManifest.xml:72:19-60
activity#com.wallet.cold.app.index.AddBiActivity
ADDED from src\main\AndroidManifest.xml:73:9-116
	android:theme
		ADDED from src\main\AndroidManifest.xml:73:64-114
	android:name
		ADDED from src\main\AndroidManifest.xml:73:19-63
activity#com.wallet.cold.app.util.GengxinActivity
ADDED from src\main\AndroidManifest.xml:74:9-117
	android:theme
		ADDED from src\main\AndroidManifest.xml:74:65-115
	android:name
		ADDED from src\main\AndroidManifest.xml:74:19-64
activity#com.wallet.cold.app.util.ResetActivity
ADDED from src\main\AndroidManifest.xml:75:9-115
	android:theme
		ADDED from src\main\AndroidManifest.xml:75:63-113
	android:name
		ADDED from src\main\AndroidManifest.xml:75:19-62
activity#com.wallet.cold.app.index.JYXXActivity
ADDED from src\main\AndroidManifest.xml:76:9-115
	android:theme
		ADDED from src\main\AndroidManifest.xml:76:63-113
	android:name
		ADDED from src\main\AndroidManifest.xml:76:19-62
activity#com.wallet.cold.app.util.LanguagesActivity
ADDED from src\main\AndroidManifest.xml:77:9-119
	android:theme
		ADDED from src\main\AndroidManifest.xml:77:67-117
	android:name
		ADDED from src\main\AndroidManifest.xml:77:19-66
activity#com.wallet.cold.app.index.MeActivity
ADDED from src\main\AndroidManifest.xml:78:9-113
	android:theme
		ADDED from src\main\AndroidManifest.xml:78:61-111
	android:name
		ADDED from src\main\AndroidManifest.xml:78:19-60
activity#com.wallet.cold.app.pawn.CardAmount
ADDED from src\main\AndroidManifest.xml:79:9-113
	android:theme
		ADDED from src\main\AndroidManifest.xml:79:61-111
	android:name
		ADDED from src\main\AndroidManifest.xml:79:19-59
activity#com.wallet.cold.app.pawn.CzActivity
ADDED from src\main\AndroidManifest.xml:80:9-112
	android:theme
		ADDED from src\main\AndroidManifest.xml:80:60-110
	android:name
		ADDED from src\main\AndroidManifest.xml:80:19-59
activity#com.wallet.cold.app.pawn.TzActivity
ADDED from src\main\AndroidManifest.xml:81:9-112
	android:theme
		ADDED from src\main\AndroidManifest.xml:81:60-110
	android:name
		ADDED from src\main\AndroidManifest.xml:81:19-59
activity#com.wallet.cold.app.pawn.TztypeActivity
ADDED from src\main\AndroidManifest.xml:82:9-116
	android:theme
		ADDED from src\main\AndroidManifest.xml:82:64-114
	android:name
		ADDED from src\main\AndroidManifest.xml:82:19-63
activity#com.wallet.cold.app.pawn.TxActivity
ADDED from src\main\AndroidManifest.xml:83:9-112
	android:theme
		ADDED from src\main\AndroidManifest.xml:83:60-110
	android:name
		ADDED from src\main\AndroidManifest.xml:83:19-59
activity#com.wallet.cold.app.pawn.SpxqActivity
ADDED from src\main\AndroidManifest.xml:84:9-114
	android:theme
		ADDED from src\main\AndroidManifest.xml:84:62-112
	android:name
		ADDED from src\main\AndroidManifest.xml:84:19-61
activity#com.wallet.cold.app.pawn.ShopActivity
ADDED from src\main\AndroidManifest.xml:85:9-114
	android:theme
		ADDED from src\main\AndroidManifest.xml:85:62-112
	android:name
		ADDED from src\main\AndroidManifest.xml:85:19-61
activity#com.wallet.cold.app.pawn.ShoplistActivity
ADDED from src\main\AndroidManifest.xml:86:9-118
	android:theme
		ADDED from src\main\AndroidManifest.xml:86:66-116
	android:name
		ADDED from src\main\AndroidManifest.xml:86:19-65
activity#com.wallet.cold.app.pawn.CdActivity
ADDED from src\main\AndroidManifest.xml:87:9-112
	android:theme
		ADDED from src\main\AndroidManifest.xml:87:60-110
	android:name
		ADDED from src\main\AndroidManifest.xml:87:19-59
activity#com.wallet.cold.app.pawn.InvestActivity
ADDED from src\main\AndroidManifest.xml:88:9-116
	android:theme
		ADDED from src\main\AndroidManifest.xml:88:64-114
	android:name
		ADDED from src\main\AndroidManifest.xml:88:19-63
activity#com.wallet.cold.app.pawn.PawnActivity
ADDED from src\main\AndroidManifest.xml:89:9-114
	android:theme
		ADDED from src\main\AndroidManifest.xml:89:62-112
	android:name
		ADDED from src\main\AndroidManifest.xml:89:19-61
activity#com.wallet.cold.utils.CaptureActivity
ADDED from src\main\AndroidManifest.xml:90:9-114
	android:theme
		ADDED from src\main\AndroidManifest.xml:90:62-112
	android:name
		ADDED from src\main\AndroidManifest.xml:90:19-61
activity#com.wallet.cold.dfu.dfu_service.NotificationActivity
ADDED from src\main\AndroidManifest.xml:91:9-79
	android:name
		ADDED from src\main\AndroidManifest.xml:91:19-76
activity#com.wallet.cold.dfu.DfuUpdateActivity
ADDED from src\main\AndroidManifest.xml:92:9-102
	android:theme
		ADDED from src\main\AndroidManifest.xml:92:62-100
	android:name
		ADDED from src\main\AndroidManifest.xml:92:19-61
service#com.wallet.cold.dfu.BluetoothService
ADDED from src\main\AndroidManifest.xml:93:9-62
	android:name
		ADDED from src\main\AndroidManifest.xml:93:18-59
service#com.wallet.cold.dfu.dfu_service.DfuService
ADDED from src\main\AndroidManifest.xml:94:9-68
	android:name
		ADDED from src\main\AndroidManifest.xml:94:18-65
activity#com.wallet.cold.wxapi.WXEntryActivity
ADDED from src\main\AndroidManifest.xml:95:9-98:53
	android:launchMode
		ADDED from src\main\AndroidManifest.xml:97:13-43
	android:exported
		ADDED from src\main\AndroidManifest.xml:96:13-36
	android:theme
		ADDED from src\main\AndroidManifest.xml:98:13-51
	android:name
		ADDED from src\main\AndroidManifest.xml:95:19-61
activity#com.wallet.cold.app.auth0.auth0register
ADDED from src\main\AndroidManifest.xml:99:9-116
	android:theme
		ADDED from src\main\AndroidManifest.xml:99:64-114
	android:name
		ADDED from src\main\AndroidManifest.xml:99:19-63
activity#com.wallet.cold.app.auth0.auth0login
ADDED from src\main\AndroidManifest.xml:100:9-113
	android:theme
		ADDED from src\main\AndroidManifest.xml:100:61-111
	android:name
		ADDED from src\main\AndroidManifest.xml:100:19-60
activity#com.wallet.cold.app.index.Linkman
ADDED from src\main\AndroidManifest.xml:101:9-110
	android:theme
		ADDED from src\main\AndroidManifest.xml:101:58-108
	android:name
		ADDED from src\main\AndroidManifest.xml:101:19-57
activity#com.wallet.cold.app.util.Fingerprints
ADDED from src\main\AndroidManifest.xml:102:9-114
	android:theme
		ADDED from src\main\AndroidManifest.xml:102:62-112
	android:name
		ADDED from src\main\AndroidManifest.xml:102:19-61
activity#com.wallet.cold.app.util.FingerprintsXQ
ADDED from src\main\AndroidManifest.xml:103:9-116
	android:theme
		ADDED from src\main\AndroidManifest.xml:103:64-114
	android:name
		ADDED from src\main\AndroidManifest.xml:103:19-63
activity#com.wallet.LicenceSimpleActivity
ADDED from src\main\AndroidManifest.xml:105:9-109:72
	android:excludeFromRecents
		ADDED from src\main\AndroidManifest.xml:107:13-46
	android:noHistory
		ADDED from src\main\AndroidManifest.xml:108:13-37
	android:theme
		ADDED from src\main\AndroidManifest.xml:109:13-69
	android:name
		ADDED from src\main\AndroidManifest.xml:106:13-50
activity#com.wallet.hot.app.ByteActivity
ADDED from src\main\AndroidManifest.xml:111:9-58
	android:name
		ADDED from src\main\AndroidManifest.xml:111:19-55
activity#com.wallet.hot.app.CreateActivity
ADDED from src\main\AndroidManifest.xml:112:9-60
	android:name
		ADDED from src\main\AndroidManifest.xml:112:19-57
activity#com.wallet.hot.app.HotIndexActivity
ADDED from src\main\AndroidManifest.xml:113:9-62
	android:name
		ADDED from src\main\AndroidManifest.xml:113:19-59
activity#com.wallet.hot.app.HotTransfer
ADDED from src\main\AndroidManifest.xml:114:9-57
	android:name
		ADDED from src\main\AndroidManifest.xml:114:19-54
activity#com.wallet.hot.app.Verification
ADDED from src\main\AndroidManifest.xml:115:9-114
	android:theme
		ADDED from src\main\AndroidManifest.xml:115:56-112
	android:name
		ADDED from src\main\AndroidManifest.xml:115:19-55
activity#com.wallet.hot.app.HotRecoverActivity
ADDED from src\main\AndroidManifest.xml:116:9-117:71
	android:theme
		ADDED from src\main\AndroidManifest.xml:117:13-69
	android:name
		ADDED from src\main\AndroidManifest.xml:116:19-61
activity#com.wallet.hot.app.BackUpActivity
ADDED from src\main\AndroidManifest.xml:118:9-120:72
	android:theme
		ADDED from src\main\AndroidManifest.xml:120:13-69
	android:name
		ADDED from src\main\AndroidManifest.xml:119:13-51
activity#com.wallet.hot.app.BackUpMnemonicActivity
ADDED from src\main\AndroidManifest.xml:121:9-123:72
	android:theme
		ADDED from src\main\AndroidManifest.xml:123:13-69
	android:name
		ADDED from src\main\AndroidManifest.xml:122:13-59
uses-sdk
INJECTED from src\main\AndroidManifest.xml reason: use-sdk injection requested
INJECTED from src\main\AndroidManifest.xml
INJECTED from src\main\AndroidManifest.xml
MERGED from [com.android.support:appcompat-v7:27.1.1] AndroidManifest.xml:20:5-44
MERGED from [com.android.support:appcompat-v7:27.1.1] AndroidManifest.xml:20:5-44
MERGED from [com.android.support.constraint:constraint-layout:1.1.0] AndroidManifest.xml:5:5-7:41
MERGED from [com.android.support.constraint:constraint-layout:1.1.0] AndroidManifest.xml:5:5-7:41
MERGED from [no.nordicsemi.android:dfu:1.8.1] AndroidManifest.xml:7:5-9:41
MERGED from [no.nordicsemi.android:dfu:1.8.1] AndroidManifest.xml:7:5-9:41
MERGED from [com.jakewharton:butterknife:8.8.1] AndroidManifest.xml:5:5-43
MERGED from [com.jakewharton:butterknife:8.8.1] AndroidManifest.xml:5:5-43
MERGED from [com.android.support:multidex:1.0.2] AndroidManifest.xml:20:5-43
MERGED from [com.android.support:multidex:1.0.2] AndroidManifest.xml:20:5-43
MERGED from [com.android.support:support-fragment:27.1.1] AndroidManifest.xml:20:5-44
MERGED from [com.android.support:support-fragment:27.1.1] AndroidManifest.xml:20:5-44
MERGED from [com.android.support:animated-vector-drawable:27.1.1] AndroidManifest.xml:20:5-44
MERGED from [com.android.support:animated-vector-drawable:27.1.1] AndroidManifest.xml:20:5-44
MERGED from [com.android.support:support-core-ui:27.1.1] AndroidManifest.xml:20:5-44
MERGED from [com.android.support:support-core-ui:27.1.1] AndroidManifest.xml:20:5-44
MERGED from [com.android.support:support-core-utils:27.1.1] AndroidManifest.xml:20:5-44
MERGED from [com.android.support:support-core-utils:27.1.1] AndroidManifest.xml:20:5-44
MERGED from [com.android.support:support-vector-drawable:27.1.1] AndroidManifest.xml:20:5-44
MERGED from [com.android.support:support-vector-drawable:27.1.1] AndroidManifest.xml:20:5-44
MERGED from [com.android.support:support-compat:27.1.1] AndroidManifest.xml:20:5-44
MERGED from [com.android.support:support-compat:27.1.1] AndroidManifest.xml:20:5-44
MERGED from [android.arch.lifecycle:livedata-core:1.1.0] AndroidManifest.xml:20:5-44
MERGED from [android.arch.lifecycle:livedata-core:1.1.0] AndroidManifest.xml:20:5-44
MERGED from [android.arch.lifecycle:viewmodel:1.1.0] AndroidManifest.xml:20:5-44
MERGED from [android.arch.lifecycle:viewmodel:1.1.0] AndroidManifest.xml:20:5-44
MERGED from [android.arch.lifecycle:runtime:1.1.0] AndroidManifest.xml:20:5-44
MERGED from [android.arch.lifecycle:runtime:1.1.0] AndroidManifest.xml:20:5-44
MERGED from [android.arch.core:runtime:1.1.0] AndroidManifest.xml:20:5-44
MERGED from [android.arch.core:runtime:1.1.0] AndroidManifest.xml:20:5-44
INJECTED from src\main\AndroidManifest.xml
INJECTED from src\main\AndroidManifest.xml
	android:targetSdkVersion
		INJECTED from src\main\AndroidManifest.xml
		ADDED from src\main\AndroidManifest.xml
		INJECTED from src\main\AndroidManifest.xml
	android:minSdkVersion
		INJECTED from src\main\AndroidManifest.xml
		ADDED from src\main\AndroidManifest.xml
		INJECTED from src\main\AndroidManifest.xml